Copyright 1986-2022 Xilinx, Inc. All Rights Reserved. Copyright 2022-2024 Advanced Micro Devices, Inc. All Rights Reserved.
---------------------------------------------------------------------------------------------------------------------------------------------
| Tool Version : Vivado v.2024.2 (win64) Build 5239630 Fri Nov 08 22:35:27 MST 2024
| Date         : Wed Feb 26 16:41:37 2025
| Host         : JACKS_LAPTOP_4 running 64-bit major release  (build 9200)
| Command      : upgrade_project -migrate_output_products
| Project_Path : C:/Users/jl972/Desktop/HDL/Snake_V2/Snake.xpr
---------------------------------------------------------------------------------------------------------------------------------------------

Project Status Summary

1. Project IP Status
--------------------
This project contains 0 IP and 1 Block Designs.


1.1 Project IP Instances
+----------------------------------------+-------------------------+-------------------------------------+-------------------------------------+
| Instance Name                          | Status                  | Reason                              | Recommendation                      |
+----------------------------------------+-------------------------+-------------------------------------+-------------------------------------+
| display_block_VGA_output_0_1           | Will be Migrated.       |                                     |                                     |
+----------------------------------------+-------------------------+-------------------------------------+-------------------------------------+
| display_block_apple_setter_0_0         | Will be Migrated.       |                                     |                                     |
+----------------------------------------+-------------------------+-------------------------------------+-------------------------------------+
| display_block_blk_mem_gen_0_0          | Will be Migrated.       |                                     |                                     |
+----------------------------------------+-------------------------+-------------------------------------+-------------------------------------+
| display_block_cell_array_ag_wraper_0_0 | Will be Migrated.       |                                     |                                     |
+----------------------------------------+-------------------------+-------------------------------------+-------------------------------------+
| display_block_clk_wiz_0_0              | Will be Migrated.       |                                     |                                     |
+----------------------------------------+-------------------------+-------------------------------------+-------------------------------------+
| display_block_direction_decider_0_0    | Will be Migrated.       |                                     |                                     |
+----------------------------------------+-------------------------+-------------------------------------+-------------------------------------+
| display_block_length_state_machine_0_0 | Will be Migrated.       |                                     |                                     |
+----------------------------------------+-------------------------+-------------------------------------+-------------------------------------+
| display_block_memory_mapper_0_0        | Will be Migrated.       |                                     |                                     |
+----------------------------------------+-------------------------+-------------------------------------+-------------------------------------+
| display_block_snake_increment_0_0      | Will be Migrated.       |                                     |                                     |
+----------------------------------------+-------------------------+-------------------------------------+-------------------------------------+


1.2 Project Block Designs
+---------------+-------------------------+-------------------------------------+-------------------------------------+
| Design Name   | Status                  | Reason                              | Recommendation                      |
+---------------+-------------------------+-------------------------------------+-------------------------------------+
| display_block | Will be Migrated.       |                                     |                                     |
+---------------+-------------------------+-------------------------------------+-------------------------------------+



